C51 COMPILER V9.60.0.0   MAIN                                                              02/11/2025 16:13:08 PAGE 1   


C51 COMPILER V9.60.0.0, COMPILATION OF MODULE MAIN
OBJECT MODULE PLACED IN .\Objects\main.obj
COMPILER INVOKED BY: E:\1.software\60.Keil_C51\C51\BIN\C51.EXE user\main.c OPTIMIZE(8,SPEED) BROWSE DEBUG OBJECTEXTEND P
                    -RINT(.\Listings\main.lst) TABS(2) OBJECT(.\Objects\main.obj)

line level    source

   1          #include <AT89X52.H>
   2          #include "user/my_types.h"
   3          #include "user/user_config.h"
   4          #include "app/time_driver.h"
   5          #include "app/key_driver.h"
   6          #include "app/led_driver.h"
   7          #include "app/uart_driver.h"
   8          void main(void)
   9          {
  10   1        tick0_init();
  11   1        uart_init();
  12   1        key_driver_init();
  13   1        uart_send_str(__FILE__);
  14   1        while(1)
  15   1        {
  16   2          key_main_loop();
  17   2        };
  18   1      } 


MODULE INFORMATION:   STATIC OVERLAYABLE
   CODE SIZE        =     23    ----
   CONSTANT SIZE    =     12    ----
   XDATA SIZE       =   ----    ----
   PDATA SIZE       =   ----    ----
   DATA SIZE        =   ----    ----
   IDATA SIZE       =   ----    ----
   BIT SIZE         =   ----    ----
END OF MODULE INFORMATION.


C51 COMPILATION COMPLETE.  0 WARNING(S),  0 ERROR(S)
